<?xml version="1.0" encoding="utf-8"?><testsuites name="pytest tests"><testsuite name="pytest" errors="0" failures="3" skipped="0" tests="13" time="3.464" timestamp="2026-02-05T01:28:42.693380+00:00" hostname="agent-env-c2f5bcbf-23df-472a-8fc4-4a1b3029eeef"><testcase classname="backend.tests.test_foxite_phase4a.TestAuthentication" name="test_admin_login" time="0.363" /><testcase classname="backend.tests.test_foxite_phase4a.TestAuthentication" name="test_supervisor_login" time="0.264" /><testcase classname="backend.tests.test_foxite_phase4a.TestAuthentication" name="test_technician_login" time="0.265" /><testcase classname="backend.tests.test_foxite_phase4a.TestAuthentication" name="test_invalid_login" time="0.040" /><testcase classname="backend.tests.test_foxite_phase4a.TestNotificationAPI" name="test_get_notifications" time="0.309" /><testcase classname="backend.tests.test_foxite_phase4a.TestNotificationAPI" name="test_mark_notification_read" time="0.384" /><testcase classname="backend.tests.test_foxite_phase4a.TestTicketAPI" name="test_create_ticket" time="0.306" /><testcase classname="backend.tests.test_foxite_phase4a.TestTicketAPI" name="test_get_tickets" time="0.305" /><testcase classname="backend.tests.test_foxite_phase4a.TestTicketAPI" name="test_update_ticket_status" time="0.341"><failure message="AssertionError: Update ticket failed: {&quot;detail&quot;:&quot;Method Not Allowed&quot;}&#10;assert 405 == 200&#10; +  where 405 = &lt;Response [405]&gt;.status_code">backend/tests/test_foxite_phase4a.py:174: in test_update_ticket_status
    assert update_response.status_code == 200, f"Update ticket failed: {update_response.text}"
E   AssertionError: Update ticket failed: {"detail":"Method Not Allowed"}
E   assert 405 == 200
E    +  where 405 = &lt;Response [405]&gt;.status_code</failure></testcase><testcase classname="backend.tests.test_foxite_phase4a.TestTicketAPI" name="test_add_ticket_comment" time="0.343" /><testcase classname="backend.tests.test_foxite_phase4a.TestPlansAPI" name="test_get_plans" time="0.033"><failure message="AssertionError: CORE plan missing&#10;assert 'CORE' in ['Core', 'Plus', 'Prime (Pro)']">backend/tests/test_foxite_phase4a.py:224: in test_get_plans
    assert "CORE" in plan_names, "CORE plan missing"
E   AssertionError: CORE plan missing
E   assert 'CORE' in ['Core', 'Plus', 'Prime (Pro)']</failure></testcase><testcase classname="backend.tests.test_foxite_phase4a.TestDashboardAPI" name="test_dashboard_stats" time="0.382" /><testcase classname="backend.tests.test_foxite_phase4a.TestHealthCheck" name="test_health" time="0.035"><failure message="AssertionError: Health check failed: {&quot;detail&quot;:&quot;Not Found&quot;}&#10;assert 404 == 200&#10; +  where 404 = &lt;Response [404]&gt;.status_code">backend/tests/test_foxite_phase4a.py:268: in test_health
    assert response.status_code == 200, f"Health check failed: {response.text}"
E   AssertionError: Health check failed: {"detail":"Not Found"}
E   assert 404 == 200
E    +  where 404 = &lt;Response [404]&gt;.status_code</failure></testcase></testsuite></testsuites>