<?xml version="1.0" encoding="utf-8"?><testsuites name="pytest tests"><testsuite name="pytest" errors="0" failures="0" skipped="0" tests="13" time="3.326" timestamp="2026-02-05T01:29:19.371563+00:00" hostname="agent-env-c2f5bcbf-23df-472a-8fc4-4a1b3029eeef"><testcase classname="backend.tests.test_foxite_phase4a.TestAuthentication" name="test_admin_login" time="0.332" /><testcase classname="backend.tests.test_foxite_phase4a.TestAuthentication" name="test_supervisor_login" time="0.264" /><testcase classname="backend.tests.test_foxite_phase4a.TestAuthentication" name="test_technician_login" time="0.261" /><testcase classname="backend.tests.test_foxite_phase4a.TestAuthentication" name="test_invalid_login" time="0.036" /><testcase classname="backend.tests.test_foxite_phase4a.TestNotificationAPI" name="test_get_notifications" time="0.304" /><testcase classname="backend.tests.test_foxite_phase4a.TestNotificationAPI" name="test_mark_notification_read" time="0.348" /><testcase classname="backend.tests.test_foxite_phase4a.TestTicketAPI" name="test_create_ticket" time="0.314" /><testcase classname="backend.tests.test_foxite_phase4a.TestTicketAPI" name="test_get_tickets" time="0.306" /><testcase classname="backend.tests.test_foxite_phase4a.TestTicketAPI" name="test_update_ticket_status" time="0.348" /><testcase classname="backend.tests.test_foxite_phase4a.TestTicketAPI" name="test_add_ticket_comment" time="0.376" /><testcase classname="backend.tests.test_foxite_phase4a.TestPlansAPI" name="test_get_plans" time="0.034" /><testcase classname="backend.tests.test_foxite_phase4a.TestDashboardAPI" name="test_dashboard_stats" time="0.300" /><testcase classname="backend.tests.test_foxite_phase4a.TestHealthCheck" name="test_health" time="0.033" /></testsuite></testsuites>